<?xml version="1.0" encoding="UTF-8"?>
<!-- Generated by org.testng.reporters.JUnitReportReporter -->
<testsuite hostname="JensonVarghese-W11" failures="0" tests="1" name="runnerFile.TestRunner" time="83.686" errors="0" timestamp="2023-12-26T10:54:22 IST" skipped="0">
  <testcase classname="runnerFile.TestRunner" name="runScenario" time="83.686"/>
</testsuite> <!-- runnerFile.TestRunner -->
